DEBUG:root:Starting HTTP/HTTPS web servers...
CRITICAL:root:Terminated via SIGNINT
DEBUG:root:Starting HTTP/HTTPS web servers...
DEBUG:root:Starting HTTP/HTTPS web servers...
DEBUG:root:Starting HTTP/HTTPS web servers...
CRITICAL:root:Terminated via SIGNINT
DEBUG:root:Starting HTTP/HTTPS web servers...
DEBUG:root:Serving HTTP at port 8080
CRITICAL:root:HTTP server shutting down
DEBUG:root:Starting HTTP/HTTPS web servers...
DEBUG:root:Starting HTTP/HTTPS web servers...
DEBUG:root:Serving HTTP at port 8080
DEBUG:root:Serving GET request
DEBUG:root:Current host: 127.0.0.1:8080
DEBUG:root:Headers: Host: 127.0.0.1:8080
Connection: keep-alive
sec-ch-ua: "Chromium";v="94", "Google Chrome";v="94", ";Not A Brand";v="99"
sec-ch-ua-mobile: ?0
sec-ch-ua-platform: "Windows"
DNT: 1
Upgrade-Insecure-Requests: 1
User-Agent: Mozilla/5.0 (Windows NT 10.0; Win64; x64) AppleWebKit/537.36 (KHTML, like Gecko) Chrome/94.0.4606.81 Safari/537.36
Accept: text/html,application/xhtml+xml,application/xml;q=0.9,image/avif,image/webp,image/apng,*/*;q=0.8,application/signed-exchange;v=b3;q=0.9
Sec-Fetch-Site: none
Sec-Fetch-Mode: navigate
Sec-Fetch-User: ?1
Sec-Fetch-Dest: document
Accept-Encoding: gzip, deflate, br
Accept-Language: en-US,en;q=0.9


DEBUG:root:Index location: 
ERROR:root:404 File not found
DEBUG:root:Serving GET request
DEBUG:root:Current host: 127.0.0.1:8080
DEBUG:root:Headers: Host: 127.0.0.1:8080
Connection: keep-alive
sec-ch-ua: "Chromium";v="94", "Google Chrome";v="94", ";Not A Brand";v="99"
DNT: 1
sec-ch-ua-mobile: ?0
User-Agent: Mozilla/5.0 (Windows NT 10.0; Win64; x64) AppleWebKit/537.36 (KHTML, like Gecko) Chrome/94.0.4606.81 Safari/537.36
sec-ch-ua-platform: "Windows"
Accept: image/avif,image/webp,image/apng,image/svg+xml,image/*,*/*;q=0.8
Sec-Fetch-Site: same-origin
Sec-Fetch-Mode: no-cors
Sec-Fetch-Dest: image
Referer: http://127.0.0.1:8080/
Accept-Encoding: gzip, deflate, br
Accept-Language: en-US,en;q=0.9


DEBUG:root:Index location: 
ERROR:root:404 File not found
WARNING:root:Keyboard interrupt detected
CRITICAL:root:HTTP server shutting down
